Using pre-set license
Built from '2020.3/release' branch; Version is '2020.3.1f1 (77a89f25062f) revision 7841951'; Using compiler version '192528614'; Build Type 'Release'
OS: 'Windows 10 Home; OS build 19043.2006; Version 2009; 64bit' Language: 'en' Physical Memory: 16347 MB
BatchMode: 1, IsHumanControllingUs: 0, StartBugReporterOnCrash: 0, Is64bit: 1, IsPro: 0

 COMMAND LINE ARGUMENTS:
D:\Software\2020.3.1f1\Editor\Unity.exe
-adb2
-batchMode
-noUpm
-name
AssetImportWorker0
-projectPath
D:/Unity Projects/Teqnation2021/Teqnation2021
-logFile
Logs/AssetImportWorker0.log
-srvPort
62917
Successfully changed project path to: D:/Unity Projects/Teqnation2021/Teqnation2021
D:/Unity Projects/Teqnation2021/Teqnation2021
Using Asset Import Pipeline V2.
Refreshing native plugins compatible for Editor in 54.13 ms, found 1 plugins.
Preloading 0 native plugins for Editor in 0.00 ms.
Initialize engine version: 2020.3.1f1 (77a89f25062f)
[Subsystems] Discovering subsystems at path D:/Software/2020.3.1f1/Editor/Data/Resources/UnitySubsystems
[Subsystems] Discovering subsystems at path D:/Unity Projects/Teqnation2021/Teqnation2021/Assets
GfxDevice: creating device client; threaded=0
Direct3D:
    Version:  Direct3D 11.0 [level 11.1]
    Renderer: NVIDIA GeForce GTX 970 (ID=0x13c2)
    Vendor:   
    VRAM:     4043 MB
    Driver:   30.0.15.1215
Shader 'Universal Render Pipeline/Particles/Lit': fallback shader 'Universal Render Pipeline/Particles/SimpleLit' not found
Initialize mono
Mono path[0] = 'D:/Software/2020.3.1f1/Editor/Data/Managed'
Mono path[1] = 'D:/Software/2020.3.1f1/Editor/Data/MonoBleedingEdge/lib/mono/unityjit'
Mono config path = 'D:/Software/2020.3.1f1/Editor/Data/MonoBleedingEdge/etc'
Using monoOptions --debugger-agent=transport=dt_socket,embedding=1,server=y,suspend=n,address=127.0.0.1:56736
Begin MonoManager ReloadAssembly
Registering precompiled unity dll's ...
Register platform support module: D:/Software/2020.3.1f1/Editor/Data/PlaybackEngines/WindowsStandaloneSupport/UnityEditor.WindowsStandalone.Extensions.dll
Registered in 0.001353 seconds.
Native extension for WindowsStandalone target not found
Refreshing native plugins compatible for Editor in 50.63 ms, found 1 plugins.
Preloading 0 native plugins for Editor in 0.00 ms.
Invoked RoslynAnalysisRunner static constructor.
RoslynAnalysisRunner will not be running.
RoslynAnalysisRunner has terminated.
Mono: successfully reloaded assembly
- Completed reload, in  1.240 seconds
Platform modules already initialized, skipping
Registering precompiled user dll's ...
Registered in 0.004568 seconds.
Begin MonoManager ReloadAssembly
Native extension for WindowsStandalone target not found
Refreshing native plugins compatible for Editor in 48.46 ms, found 1 plugins.
Preloading 0 native plugins for Editor in 0.00 ms.
Invoked RoslynAnalysisRunner static constructor.
RoslynAnalysisRunner will not be running.
RoslynAnalysisRunner has terminated.
Mono: successfully reloaded assembly
- Completed reload, in  1.548 seconds
Platform modules already initialized, skipping
========================================================================
Worker process is ready to serve import requests
Shader 'Universal Render Pipeline/Particles/Lit': fallback shader 'Universal Render Pipeline/Particles/SimpleLit' not found
Launched and connected shader compiler UnityShaderCompiler.exe after 0.05 seconds
Refreshing native plugins compatible for Editor in 0.75 ms, found 1 plugins.
Preloading 0 native plugins for Editor in 0.00 ms.
Unloading 2361 Unused Serialized files (Serialized files now loaded: 0)
System memory in use before: 120.1 MB.
System memory in use after: 120.3 MB.

Unloading 22 unused Assets to reduce memory usage. Loaded Objects now: 2800.
Total: 3.252200 ms (FindLiveObjects: 0.364200 ms CreateObjectMapping: 0.174500 ms MarkObjects: 2.614000 ms  DeleteObjects: 0.097800 ms)

========================================================================
Received Import Request.
  path: Assets/Prefabs/Agents/CoolQueen.prefab
  artifactKey: Guid(3707cc779d6fd5140866c13a0f5743eb) Importer(815301076,1909f56bfc062723c751e8b465ee728b)
Start importing Assets/Prefabs/Agents/CoolQueen.prefab using Guid(3707cc779d6fd5140866c13a0f5743eb) Importer(815301076,1909f56bfc062723c751e8b465ee728b)  -> (artifact id: '504dac99cf5df9b3bbc66a4cbe4b2c94') in 0.279719 seconds
  Import took 0.312363 seconds .

========================================================================
Received Import Request.
  Time since last request: 1.579915 seconds.
  path: Assets/Prefabs/Agents/Metalhead.prefab
  artifactKey: Guid(d818414da0c83034b98e89b9c7661d1d) Importer(815301076,1909f56bfc062723c751e8b465ee728b)
Start importing Assets/Prefabs/Agents/Metalhead.prefab using Guid(d818414da0c83034b98e89b9c7661d1d) Importer(815301076,1909f56bfc062723c751e8b465ee728b)  -> (artifact id: 'd7589a0b675ac1a725f487ca35f1f027') in 0.111459 seconds
  Import took 0.137652 seconds .

========================================================================
Received Import Request.
  Time since last request: 0.005454 seconds.
  path: Assets/Prefabs/Agents/Metalhead.prefab
  artifactKey: Guid(d818414da0c83034b98e89b9c7661d1d) Importer(815301076,1909f56bfc062723c751e8b465ee728b)
Start importing Assets/Prefabs/Agents/Metalhead.prefab using Guid(d818414da0c83034b98e89b9c7661d1d) Importer(815301076,1909f56bfc062723c751e8b465ee728b)  -> (artifact id: 'd7589a0b675ac1a725f487ca35f1f027') in 0.019396 seconds
  Import took 0.024509 seconds .

========================================================================
Received Import Request.
  Time since last request: 2.509543 seconds.
  path: Assets/Prefabs/Agents/Neo.prefab
  artifactKey: Guid(2ab3c2abd33fa2143a692120fe3ba654) Importer(815301076,1909f56bfc062723c751e8b465ee728b)
Start importing Assets/Prefabs/Agents/Neo.prefab using Guid(2ab3c2abd33fa2143a692120fe3ba654) Importer(815301076,1909f56bfc062723c751e8b465ee728b)  -> (artifact id: '73bb8da3e79a6e77613a3081a7817a02') in 0.116229 seconds
  Import took 0.122068 seconds .

========================================================================
Received Import Request.
  Time since last request: 5.977265 seconds.
  path: Assets/Prefabs/Agents/QWitch.prefab
  artifactKey: Guid(f9342c412035b0c4bb72a52b4b603993) Importer(815301076,1909f56bfc062723c751e8b465ee728b)
Start importing Assets/Prefabs/Agents/QWitch.prefab using Guid(f9342c412035b0c4bb72a52b4b603993) Importer(815301076,1909f56bfc062723c751e8b465ee728b)  -> (artifact id: '7c5702967f462d68d772fb7973ffb36b') in 0.112571 seconds
  Import took 0.131156 seconds .

========================================================================
Received Import Request.
  Time since last request: 0.008034 seconds.
  path: Assets/Prefabs/Agents/QWitch.prefab
  artifactKey: Guid(f9342c412035b0c4bb72a52b4b603993) Importer(815301076,1909f56bfc062723c751e8b465ee728b)
Start importing Assets/Prefabs/Agents/QWitch.prefab using Guid(f9342c412035b0c4bb72a52b4b603993) Importer(815301076,1909f56bfc062723c751e8b465ee728b)  -> (artifact id: '7c5702967f462d68d772fb7973ffb36b') in 0.019557 seconds
  Import took 0.023402 seconds .

========================================================================
Received Import Request.
  Time since last request: 0.201653 seconds.
  path: Assets/Prefabs/Agents/QWizard.prefab
  artifactKey: Guid(664d6ab0a3b90a3479b241f0499f1469) Importer(815301076,1909f56bfc062723c751e8b465ee728b)
Start importing Assets/Prefabs/Agents/QWizard.prefab using Guid(664d6ab0a3b90a3479b241f0499f1469) Importer(815301076,1909f56bfc062723c751e8b465ee728b)  -> (artifact id: '7be8eeeb5a2aaad1d0c932fad81077c6') in 0.079176 seconds
  Import took 0.084206 seconds .

========================================================================
Received Prepare
Registering precompiled user dll's ...
Registered in 0.004777 seconds.
Begin MonoManager ReloadAssembly
Native extension for WindowsStandalone target not found
Refreshing native plugins compatible for Editor in 0.61 ms, found 1 plugins.
Preloading 0 native plugins for Editor in 0.00 ms.
Invoked RoslynAnalysisRunner static constructor.
RoslynAnalysisRunner will not be running.
RoslynAnalysisRunner has terminated.
Mono: successfully reloaded assembly
- Completed reload, in  1.139 seconds
Platform modules already initialized, skipping
Shader 'Universal Render Pipeline/Particles/Lit': fallback shader 'Universal Render Pipeline/Particles/SimpleLit' not found
Refreshing native plugins compatible for Editor in 0.49 ms, found 1 plugins.
Preloading 0 native plugins for Editor in 0.00 ms.
Unloading 2230 Unused Serialized files (Serialized files now loaded: 0)
System memory in use before: 131.8 MB.
System memory in use after: 132.0 MB.

Unloading 18 unused Assets to reduce memory usage. Loaded Objects now: 2851.
Total: 3.487600 ms (FindLiveObjects: 0.360500 ms CreateObjectMapping: 0.121600 ms MarkObjects: 2.968500 ms  DeleteObjects: 0.035700 ms)

========================================================================
Received Import Request.
  Time since last request: 1123.845652 seconds.
  path: Assets/Scripts/Agents/PirateAgent.cs
  artifactKey: Guid(8535612209ac83b46b2e072c72b34419) Importer(815301076,1909f56bfc062723c751e8b465ee728b)
Start importing Assets/Scripts/Agents/PirateAgent.cs using Guid(8535612209ac83b46b2e072c72b34419) Importer(815301076,1909f56bfc062723c751e8b465ee728b)  -> (artifact id: 'e7a76f64c7c30673625d8413e42d6338') in 0.057268 seconds
  Import took 0.106383 seconds .

========================================================================
Received Import Request.
  Time since last request: 1210.417274 seconds.
  path: Assets/Scripts/TrainingObjects/Bullet.cs
  artifactKey: Guid(50814930509e772438b2968d5b780bf0) Importer(815301076,1909f56bfc062723c751e8b465ee728b)
Start importing Assets/Scripts/TrainingObjects/Bullet.cs using Guid(50814930509e772438b2968d5b780bf0) Importer(815301076,1909f56bfc062723c751e8b465ee728b)  -> (artifact id: '28f8d464e90e63a4929ffce7a014b23b') in 0.025220 seconds
  Import took 0.029628 seconds .

========================================================================
Received Import Request.
  Time since last request: 20.709363 seconds.
  path: Assets/Scripts/TrainingObjects/Gun.cs
  artifactKey: Guid(bf2061f693c6ab545a06d5999e6ff183) Importer(815301076,1909f56bfc062723c751e8b465ee728b)
Start importing Assets/Scripts/TrainingObjects/Gun.cs using Guid(bf2061f693c6ab545a06d5999e6ff183) Importer(815301076,1909f56bfc062723c751e8b465ee728b)  -> (artifact id: 'c2b4ec2ad595822e337dfca506b830e3') in 0.007400 seconds
  Import took 0.034344 seconds .

========================================================================
Received Import Request.
  Time since last request: 1.973717 seconds.
  path: Assets/Scripts/TrainingObjects/Shooter.cs
  artifactKey: Guid(c57b94f85cb3f6a4ab96aefbd9fc107a) Importer(815301076,1909f56bfc062723c751e8b465ee728b)
Start importing Assets/Scripts/TrainingObjects/Shooter.cs using Guid(c57b94f85cb3f6a4ab96aefbd9fc107a) Importer(815301076,1909f56bfc062723c751e8b465ee728b)  -> (artifact id: '244ecb290dab150cca37677d8ebf5a60') in 0.027664 seconds
  Import took 0.031188 seconds .

========================================================================
Received Prepare
Registering precompiled user dll's ...
Registered in 0.005280 seconds.
Begin MonoManager ReloadAssembly
Native extension for WindowsStandalone target not found
Refreshing native plugins compatible for Editor in 0.46 ms, found 1 plugins.
Preloading 0 native plugins for Editor in 0.00 ms.
Invoked RoslynAnalysisRunner static constructor.
RoslynAnalysisRunner will not be running.
RoslynAnalysisRunner has terminated.
Mono: successfully reloaded assembly
- Completed reload, in  1.240 seconds
Platform modules already initialized, skipping
Shader 'Universal Render Pipeline/Particles/Lit': fallback shader 'Universal Render Pipeline/Particles/SimpleLit' not found
Refreshing native plugins compatible for Editor in 0.49 ms, found 1 plugins.
Preloading 0 native plugins for Editor in 0.00 ms.
Unloading 2230 Unused Serialized files (Serialized files now loaded: 0)
System memory in use before: 131.8 MB.
System memory in use after: 132.1 MB.

Unloading 18 unused Assets to reduce memory usage. Loaded Objects now: 2854.
Total: 2.497300 ms (FindLiveObjects: 0.307300 ms CreateObjectMapping: 0.138300 ms MarkObjects: 2.027000 ms  DeleteObjects: 0.022800 ms)

========================================================================
Received Prepare
Registering precompiled user dll's ...
Registered in 0.005840 seconds.
Begin MonoManager ReloadAssembly
Native extension for WindowsStandalone target not found
Refreshing native plugins compatible for Editor in 0.45 ms, found 1 plugins.
Preloading 0 native plugins for Editor in 0.00 ms.
Invoked RoslynAnalysisRunner static constructor.
RoslynAnalysisRunner will not be running.
RoslynAnalysisRunner has terminated.
Mono: successfully reloaded assembly
- Completed reload, in  1.064 seconds
Platform modules already initialized, skipping
Shader 'Universal Render Pipeline/Particles/Lit': fallback shader 'Universal Render Pipeline/Particles/SimpleLit' not found
Refreshing native plugins compatible for Editor in 0.53 ms, found 1 plugins.
Preloading 0 native plugins for Editor in 0.00 ms.
Unloading 2230 Unused Serialized files (Serialized files now loaded: 0)
System memory in use before: 131.9 MB.
System memory in use after: 132.1 MB.

Unloading 18 unused Assets to reduce memory usage. Loaded Objects now: 2857.
Total: 2.972200 ms (FindLiveObjects: 0.484900 ms CreateObjectMapping: 0.181900 ms MarkObjects: 2.270200 ms  DeleteObjects: 0.034300 ms)

